This is pdfTeX, Version 3.14159265-2.6-1.40.21 (MiKTeX 21.1) (preloaded format=pdflatex 2021.2.8)  11 SEP 2021 20:45
entering extended mode
**"./Modeling Laser Mount Pan and Tilt.tex"
("Modeling Laser Mount Pan and Tilt.tex"
LaTeX2e <2020-10-01> patch level 4
L3 programming layer <2021-01-09> xparse <2020-03-03>
(C:\Users\nblch\AppData\Local\Programs\MiKTeX\tex/latex/base\article.cls
Document Class: article 2020/04/10 v1.4m Standard LaTeX document class
(C:\Users\nblch\AppData\Local\Programs\MiKTeX\tex/latex/base\size12.clo
File: size12.clo 2020/04/10 v1.4m Standard LaTeX file (size option)
)
\c@part=\count177
\c@section=\count178
\c@subsection=\count179
\c@subsubsection=\count180
\c@paragraph=\count181
\c@subparagraph=\count182
\c@figure=\count183
\c@table=\count184
\abovecaptionskip=\skip47
\belowcaptionskip=\skip48
\bibindent=\dimen138
)
(C:\Users\nblch\AppData\Local\Programs\MiKTeX\tex/latex/base\inputenc.sty
Package: inputenc 2020/08/01 v1.3d Input encoding file
\inpenc@prehook=\toks15
\inpenc@posthook=\toks16
)
(C:\Users\nblch\AppData\Local\Programs\MiKTeX\tex/latex/graphics\graphicx.sty
Package: graphicx 2020/09/09 v1.2b Enhanced LaTeX Graphics (DPC,SPQR)

(C:\Users\nblch\AppData\Local\Programs\MiKTeX\tex/latex/graphics\keyval.sty
Package: keyval 2014/10/28 v1.15 key=value parser (DPC)
\KV@toks@=\toks17
)
(C:\Users\nblch\AppData\Local\Programs\MiKTeX\tex/latex/graphics\graphics.sty
Package: graphics 2020/08/30 v1.4c Standard LaTeX Graphics (DPC,SPQR)

(C:\Users\nblch\AppData\Local\Programs\MiKTeX\tex/latex/graphics\trig.sty
Package: trig 2016/01/03 v1.10 sin cos tan (DPC)
)
(C:\Users\nblch\AppData\Local\Programs\MiKTeX\tex/latex/graphics-cfg\graphics.c
fg
File: graphics.cfg 2016/06/04 v1.11 sample graphics configuration
)
Package graphics Info: Driver file: pdftex.def on input line 105.

(C:\Users\nblch\AppData\Local\Programs\MiKTeX\tex/latex/graphics-def\pdftex.def
File: pdftex.def 2020/10/05 v1.2a Graphics/color driver for pdftex
))
\Gin@req@height=\dimen139
\Gin@req@width=\dimen140
) (C:\Users\nblch\AppData\Local\Programs\MiKTeX\tex/latex/parskip\parskip.sty
Package: parskip 2020-06-15 v2.0f non-zero parskip adjustments

(C:\Users\nblch\AppData\Local\Programs\MiKTeX\tex/latex/kvoptions\kvoptions.sty
Package: kvoptions 2020-10-07 v3.14 Key value format for package options (HO)
(C:\Users\nblch\AppData\Local\Programs\MiKTeX\tex/generic/ltxcmds\ltxcmds.sty
Package: ltxcmds 2020-05-10 v1.25 LaTeX kernel commands for general use (HO)
)
(C:\Users\nblch\AppData\Local\Programs\MiKTeX\tex/generic/kvsetkeys\kvsetkeys.s
ty
Package: kvsetkeys 2019/12/15 v1.18 Key value parser (HO)
))
(C:\Users\nblch\AppData\Local\Programs\MiKTeX\tex/latex/etoolbox\etoolbox.sty
Package: etoolbox 2020/10/05 v2.5k e-TeX tools for LaTeX (JAW)
\etb@tempcnta=\count185
)) (C:\Users\nblch\AppData\Local\Programs\MiKTeX\tex/latex/amsmath\amsmath.sty
Package: amsmath 2020/09/23 v2.17i AMS math features
\@mathmargin=\skip49

For additional information on amsmath, use the `?' option.
(C:\Users\nblch\AppData\Local\Programs\MiKTeX\tex/latex/amsmath\amstext.sty
Package: amstext 2000/06/29 v2.01 AMS text

(C:\Users\nblch\AppData\Local\Programs\MiKTeX\tex/latex/amsmath\amsgen.sty
File: amsgen.sty 1999/11/30 v2.0 generic functions
\@emptytoks=\toks18
\ex@=\dimen141
))
(C:\Users\nblch\AppData\Local\Programs\MiKTeX\tex/latex/amsmath\amsbsy.sty
Package: amsbsy 1999/11/29 v1.2d Bold Symbols
\pmbraise@=\dimen142
)
(C:\Users\nblch\AppData\Local\Programs\MiKTeX\tex/latex/amsmath\amsopn.sty
Package: amsopn 2016/03/08 v2.02 operator names
)
\inf@bad=\count186
LaTeX Info: Redefining \frac on input line 234.
\uproot@=\count187
\leftroot@=\count188
LaTeX Info: Redefining \overline on input line 399.
\classnum@=\count189
\DOTSCASE@=\count190
LaTeX Info: Redefining \ldots on input line 496.
LaTeX Info: Redefining \dots on input line 499.
LaTeX Info: Redefining \cdots on input line 620.
\Mathstrutbox@=\box47
\strutbox@=\box48
\big@size=\dimen143
LaTeX Font Info:    Redeclaring font encoding OML on input line 743.
LaTeX Font Info:    Redeclaring font encoding OMS on input line 744.
\macc@depth=\count191
\c@MaxMatrixCols=\count192
\dotsspace@=\muskip16
\c@parentequation=\count193
\dspbrk@lvl=\count194
\tag@help=\toks19
\row@=\count195
\column@=\count196
\maxfields@=\count197
\andhelp@=\toks20
\eqnshift@=\dimen144
\alignsep@=\dimen145
\tagshift@=\dimen146
\tagwidth@=\dimen147
\totwidth@=\dimen148
\lineht@=\dimen149
\@envbody=\toks21
\multlinegap=\skip50
\multlinetaggap=\skip51
\mathdisplay@stack=\toks22
LaTeX Info: Redefining \[ on input line 2923.
LaTeX Info: Redefining \] on input line 2924.
)
(C:\Users\nblch\AppData\Local\Programs\MiKTeX\tex/latex/amsfonts\amssymb.sty
Package: amssymb 2013/01/14 v3.01 AMS font symbols

(C:\Users\nblch\AppData\Local\Programs\MiKTeX\tex/latex/amsfonts\amsfonts.sty
Package: amsfonts 2013/01/14 v3.01 Basic AMSFonts support
\symAMSa=\mathgroup4
\symAMSb=\mathgroup5
LaTeX Font Info:    Redeclaring math symbol \hbar on input line 98.
LaTeX Font Info:    Overwriting math alphabet `\mathfrak' in version `bold'
(Font)                  U/euf/m/n --> U/euf/b/n on input line 106.
)) (C:\Users\nblch\AppData\Local\Programs\MiKTeX\tex/latex/placeins\placeins.st
y
Package: placeins 2005/04/18  v 2.2
) (C:\Users\nblch\AppData\Local\Programs\MiKTeX\tex/latex/import\import.sty
Package: import 2020/04/01  v 6.2
)
(C:\Users\nblch\AppData\Local\Programs\MiKTeX\tex/latex/xifthen\xifthen.sty
Package: xifthen 2015/11/05 v1.4.0 Extended ifthen features

(C:\Users\nblch\AppData\Local\Programs\MiKTeX\tex/latex/latex-tools\calc.sty
Package: calc 2017/05/25 v4.3 Infix arithmetic (KKT,FJ)
\calc@Acount=\count198
\calc@Bcount=\count199
\calc@Adimen=\dimen150
\calc@Bdimen=\dimen151
\calc@Askip=\skip52
\calc@Bskip=\skip53
LaTeX Info: Redefining \setlength on input line 80.
LaTeX Info: Redefining \addtolength on input line 81.
\calc@Ccount=\count266
\calc@Cskip=\skip54
)
(C:\Users\nblch\AppData\Local\Programs\MiKTeX\tex/latex/base\ifthen.sty
Package: ifthen 2014/09/29 v1.1c Standard LaTeX ifthen package (DPC)
)
(C:\Users\nblch\AppData\Local\Programs\MiKTeX\tex/latex/ifmtarg\ifmtarg.sty
Package: ifmtarg 2018/04/16 v1.2b check for an empty argument
))
(C:\Users\nblch\AppData\Local\Programs\MiKTeX\tex/latex/pdfpages\pdfpages.sty
Package: pdfpages 2021/01/09 v0.5r Insert pages of external PDF documents (AM)

(C:\Users\nblch\AppData\Local\Programs\MiKTeX\tex/latex/eso-pic\eso-pic.sty
Package: eso-pic 2020/10/14 v3.0a eso-pic (RN)
\ESO@tempdima=\dimen152
\ESO@tempdimb=\dimen153

(C:\Users\nblch\AppData\Local\Programs\MiKTeX\tex/latex/xcolor\xcolor.sty
Package: xcolor 2016/05/11 v2.12 LaTeX color extensions (UK)

(C:\Users\nblch\AppData\Local\Programs\MiKTeX\tex/latex/graphics-cfg\color.cfg
File: color.cfg 2016/01/02 v1.6 sample color configuration
)
Package xcolor Info: Driver file: pdftex.def on input line 225.
Package xcolor Info: Model `cmy' substituted by `cmy0' on input line 1348.
Package xcolor Info: Model `hsb' substituted by `rgb' on input line 1352.
Package xcolor Info: Model `RGB' extended on input line 1364.
Package xcolor Info: Model `HTML' substituted by `rgb' on input line 1366.
Package xcolor Info: Model `Hsb' substituted by `hsb' on input line 1367.
Package xcolor Info: Model `tHsb' substituted by `hsb' on input line 1368.
Package xcolor Info: Model `HSB' substituted by `hsb' on input line 1369.
Package xcolor Info: Model `Gray' substituted by `gray' on input line 1370.
Package xcolor Info: Model `wave' substituted by `hsb' on input line 1371.
))
\AM@pagewidth=\dimen154
\AM@pageheight=\dimen155

(C:\Users\nblch\AppData\Local\Programs\MiKTeX\tex/latex/pdfpages\pppdftex.def
File: pppdftex.def 2021/01/09 v0.5r Pdfpages driver for pdfTeX (AM)
)
\pdfpages@includegraphics@status=\count267
\AM@pagebox=\box49
\AM@global@opts=\toks23
\AM@pagecnt=\count268
\AM@toc@title=\toks24
\c@AM@survey=\count269
\AM@templatesizebox=\box50
)
(C:\Users\nblch\AppData\Local\Programs\MiKTeX\tex/latex/transparent\transparent
.sty
Package: transparent 2019/11/29 v1.4 Transparency via pdfTeX's color stack (HO)

 (C:\Users\nblch\AppData\Local\Programs\MiKTeX\tex/generic/iftex\iftex.sty
Package: iftex 2020/03/06 v1.0d TeX engine tests
) (C:\Users\nblch\AppData\Local\Programs\MiKTeX\tex/latex/auxhook\auxhook.sty
Package: auxhook 2019-12-17 v1.6 Hooks for auxiliary files (HO)
))
(C:\Users\nblch\AppData\Local\Programs\MiKTeX\tex/latex/was\gensymb.sty
Package: gensymb 2003/07/02 v1.0 (WaS)
)
(C:\Users\nblch\AppData\Local\Programs\MiKTeX\tex/latex/l3backend\l3backend-pdf
tex.def
File: l3backend-pdftex.def 2020-01-29 L3 backend support: PDF output (pdfTeX)
\l__color_backend_stack_int=\count270
\l__pdf_internal_box=\box51
) ("Modeling Laser Mount Pan and Tilt.aux")
\openout1 = `"Modeling Laser Mount Pan and Tilt.aux"'.

LaTeX Font Info:    Checking defaults for OML/cmm/m/it on input line 26.
LaTeX Font Info:    ... okay on input line 26.
LaTeX Font Info:    Checking defaults for OMS/cmsy/m/n on input line 26.
LaTeX Font Info:    ... okay on input line 26.
LaTeX Font Info:    Checking defaults for OT1/cmr/m/n on input line 26.
LaTeX Font Info:    ... okay on input line 26.
LaTeX Font Info:    Checking defaults for T1/cmr/m/n on input line 26.
LaTeX Font Info:    ... okay on input line 26.
LaTeX Font Info:    Checking defaults for TS1/cmr/m/n on input line 26.
LaTeX Font Info:    ... okay on input line 26.
LaTeX Font Info:    Checking defaults for OMX/cmex/m/n on input line 26.
LaTeX Font Info:    ... okay on input line 26.
LaTeX Font Info:    Checking defaults for U/cmr/m/n on input line 26.
LaTeX Font Info:    ... okay on input line 26.

(C:\Users\nblch\AppData\Local\Programs\MiKTeX\tex/context/base/mkii\supp-pdf.mk
ii
[Loading MPS to PDF converter (version 2006.09.02).]
\scratchcounter=\count271
\scratchdimen=\dimen156
\scratchbox=\box52
\nofMPsegments=\count272
\nofMParguments=\count273
\everyMPshowfont=\toks25
\MPscratchCnt=\count274
\MPscratchDim=\dimen157
\MPnumerator=\count275
\makeMPintoPDFobject=\count276
\everyMPtoPDFconversion=\toks26
)
(C:\Users\nblch\AppData\Local\Programs\MiKTeX\tex/latex/epstopdf-pkg\epstopdf-b
ase.sty
Package: epstopdf-base 2020-01-24 v2.11 Base part for package epstopdf
Package epstopdf-base Info: Redefining graphics rule for `.eps' on input line 4
85.
)
(C:\Users\nblch\AppData\Local\Programs\MiKTeX\tex/latex/pdflscape\pdflscape.sty
Package: pdflscape 2019/12/05 v0.12 Display of landscape pages in PDF (HO)
(C:\Users\nblch\AppData\Local\Programs\MiKTeX\tex/latex/graphics\lscape.sty
Package: lscape 2020/05/28 v3.02 Landscape Pages (DPC)
)
Package pdflscape Info: Auto-detected driver: pdftex on input line 81.
)
LaTeX Info: Redefining \celsius on input line 26.
Package gensymb Info: Faking symbols for \degree and \celsius on input line 26.



Package gensymb Warning: Not defining \perthousand.

LaTeX Info: Redefining \ohm on input line 26.
Package gensymb Info: Using \Omega for \ohm on input line 26.

Package gensymb Warning: Not defining \micro.

LaTeX Font Info:    Trying to load font information for U+msa on input line 27.

(C:\Users\nblch\AppData\Local\Programs\MiKTeX\tex/latex/amsfonts\umsa.fd
File: umsa.fd 2013/01/14 v3.01 AMS symbols A
)
LaTeX Font Info:    Trying to load font information for U+msb on input line 27.


(C:\Users\nblch\AppData\Local\Programs\MiKTeX\tex/latex/amsfonts\umsb.fd
File: umsb.fd 2013/01/14 v3.01 AMS symbols B
)
[1

{C:/Users/nblch/AppData/Local/MiKTeX/pdftex/config/pdftex.map}]
(../media/../media/LaserMountDiagram.pdf_tex
<../media/../media//LaserMountDiagram.pdf, id=7, page=1, 256.4132pt x 391.13293
pt>
File: ../media/../media//LaserMountDiagram.pdf Graphic file (type pdf)
<use ../media/../media//LaserMountDiagram.pdf, page 1>
Package pdftex.def Info: ../media/../media//LaserMountDiagram.pdf , page1 used 
on input line 56.
(pdftex.def)             Requested size: 390.0pt x 594.91617pt.
<../media/../media//LaserMountDiagram.pdf, id=8, page=2, 256.4132pt x 391.13293
pt>
File: ../media/../media//LaserMountDiagram.pdf Graphic file (type pdf)
<use ../media/../media//LaserMountDiagram.pdf, page 2>
Package pdftex.def Info: ../media/../media//LaserMountDiagram.pdf , page2 used 
on input line 61.
(pdftex.def)             Requested size: 390.0pt x 594.91617pt.
<../media/../media//LaserMountDiagram.pdf, id=9, page=3, 256.4132pt x 391.13293
pt>
File: ../media/../media//LaserMountDiagram.pdf Graphic file (type pdf)
<use ../media/../media//LaserMountDiagram.pdf, page 3>
Package pdftex.def Info: ../media/../media//LaserMountDiagram.pdf , page3 used 
on input line 63.
(pdftex.def)             Requested size: 390.0pt x 594.91617pt.
<../media/../media//LaserMountDiagram.pdf, id=10, page=4, 256.4132pt x 391.1329
3pt>
File: ../media/../media//LaserMountDiagram.pdf Graphic file (type pdf)
<use ../media/../media//LaserMountDiagram.pdf, page 4>
Package pdftex.def Info: ../media/../media//LaserMountDiagram.pdf , page4 used 
on input line 65.
(pdftex.def)             Requested size: 390.0pt x 594.91617pt.
) [2 <../media/../media//LaserMountDiagram.pdf> <../media/../media//LaserMountD
iagram.pdf

pdfTeX warning: pdflatex (file ../media/../media//LaserMountDiagram.pdf): PDF i
nclusion: multiple pdfs with page group included in a single page
> <../media/../media//LaserMountDiagram.pdf

pdfTeX warning: pdflatex (file ../media/../media//LaserMountDiagram.pdf): PDF i
nclusion: multiple pdfs with page group included in a single page
> <../media/../media//LaserMountDiagram.pdf

pdfTeX warning: pdflatex (file ../media/../media//LaserMountDiagram.pdf): PDF i
nclusion: multiple pdfs with page group included in a single page
>] ("../media/../media/Shallow Obtuse.pdf_tex"
<../media/../media//Shallow Obtuse.pdf, id=19, page=1, 325.49158pt x 390.66594p
t>
File: ../media/../media//Shallow Obtuse.pdf Graphic file (type pdf)
<use ../media/../media//Shallow Obtuse.pdf, page 1>
Package pdftex.def Info: ../media/../media//Shallow Obtuse.pdf , page1 used on 
input line 56.
(pdftex.def)             Requested size: 390.0pt x 468.11722pt.
<../media/../media//Shallow Obtuse.pdf, id=20, page=2, 325.49158pt x 390.66594p
t>
File: ../media/../media//Shallow Obtuse.pdf Graphic file (type pdf)
<use ../media/../media//Shallow Obtuse.pdf, page 2>
Package pdftex.def Info: ../media/../media//Shallow Obtuse.pdf , page2 used on 
input line 59.
(pdftex.def)             Requested size: 390.0pt x 468.11722pt.
<../media/../media//Shallow Obtuse.pdf, id=21, page=3, 325.49158pt x 390.66594p
t>
File: ../media/../media//Shallow Obtuse.pdf Graphic file (type pdf)
<use ../media/../media//Shallow Obtuse.pdf, page 3>
Package pdftex.def Info: ../media/../media//Shallow Obtuse.pdf , page3 used on 
input line 61.
(pdftex.def)             Requested size: 390.0pt x 468.11722pt.
<../media/../media//Shallow Obtuse.pdf, id=22, page=4, 325.49158pt x 390.66594p
t>
File: ../media/../media//Shallow Obtuse.pdf Graphic file (type pdf)
<use ../media/../media//Shallow Obtuse.pdf, page 4>
Package pdftex.def Info: ../media/../media//Shallow Obtuse.pdf , page4 used on 
input line 63.
(pdftex.def)             Requested size: 390.0pt x 468.11722pt.
<../media/../media//Shallow Obtuse.pdf, id=23, page=5, 325.49158pt x 390.66594p
t>
File: ../media/../media//Shallow Obtuse.pdf Graphic file (type pdf)
<use ../media/../media//Shallow Obtuse.pdf, page 5>
Package pdftex.def Info: ../media/../media//Shallow Obtuse.pdf , page5 used on 
input line 65.
(pdftex.def)             Requested size: 390.0pt x 468.11722pt.
<../media/../media//Shallow Obtuse.pdf, id=24, page=6, 325.49158pt x 390.66594p
t>
File: ../media/../media//Shallow Obtuse.pdf Graphic file (type pdf)
<use ../media/../media//Shallow Obtuse.pdf, page 6>
Package pdftex.def Info: ../media/../media//Shallow Obtuse.pdf , page6 used on 
input line 67.
(pdftex.def)             Requested size: 390.0pt x 468.11722pt.
<../media/../media//Shallow Obtuse.pdf, id=25, page=7, 325.49158pt x 390.66594p
t>
File: ../media/../media//Shallow Obtuse.pdf Graphic file (type pdf)
<use ../media/../media//Shallow Obtuse.pdf, page 7>
Package pdftex.def Info: ../media/../media//Shallow Obtuse.pdf , page7 used on 
input line 69.
(pdftex.def)             Requested size: 390.0pt x 468.11722pt.
<../media/../media//Shallow Obtuse.pdf, id=26, page=8, 325.49158pt x 390.66594p
t>
File: ../media/../media//Shallow Obtuse.pdf Graphic file (type pdf)
<use ../media/../media//Shallow Obtuse.pdf, page 8>
Package pdftex.def Info: ../media/../media//Shallow Obtuse.pdf , page8 used on 
input line 71.
(pdftex.def)             Requested size: 390.0pt x 468.11722pt.
) [3 <../media/../media//Shallow Obtuse.pdf> <../media/../media//Shallow Obtuse
.pdf

pdfTeX warning: pdflatex (file ../media/../media//Shallow Obtuse.pdf): PDF incl
usion: multiple pdfs with page group included in a single page
> <../media/../media//Shallow Obtuse.pdf

pdfTeX warning: pdflatex (file ../media/../media//Shallow Obtuse.pdf): PDF incl
usion: multiple pdfs with page group included in a single page
> <../media/../media//Shallow Obtuse.pdf

pdfTeX warning: pdflatex (file ../media/../media//Shallow Obtuse.pdf): PDF incl
usion: multiple pdfs with page group included in a single page
> <../media/../media//Shallow Obtuse.pdf

pdfTeX warning: pdflatex (file ../media/../media//Shallow Obtuse.pdf): PDF incl
usion: multiple pdfs with page group included in a single page
> <../media/../media//Shallow Obtuse.pdf

pdfTeX warning: pdflatex (file ../media/../media//Shallow Obtuse.pdf): PDF incl
usion: multiple pdfs with page group included in a single page
> <../media/../media//Shallow Obtuse.pdf

pdfTeX warning: pdflatex (file ../media/../media//Shallow Obtuse.pdf): PDF incl
usion: multiple pdfs with page group included in a single page
> <../media/../media//Shallow Obtuse.pdf

pdfTeX warning: pdflatex (file ../media/../media//Shallow Obtuse.pdf): PDF incl
usion: multiple pdfs with page group included in a single page
>] (../media/../media/Acute.pdf_tex
<../media/../media//Acute.pdf, id=34, page=1, 445.70798pt x 390.87025pt>
File: ../media/../media//Acute.pdf Graphic file (type pdf)
<use ../media/../media//Acute.pdf, page 1>
Package pdftex.def Info: ../media/../media//Acute.pdf , page1 used on input lin
e 56.
(pdftex.def)             Requested size: 390.0pt x 342.02852pt.
<../media/../media//Acute.pdf, id=35, page=2, 445.70798pt x 390.87025pt>
File: ../media/../media//Acute.pdf Graphic file (type pdf)
<use ../media/../media//Acute.pdf, page 2>
Package pdftex.def Info: ../media/../media//Acute.pdf , page2 used on input lin
e 59.
(pdftex.def)             Requested size: 390.0pt x 342.02852pt.
<../media/../media//Acute.pdf, id=36, page=3, 445.70798pt x 390.87025pt>
File: ../media/../media//Acute.pdf Graphic file (type pdf)
<use ../media/../media//Acute.pdf, page 3>
Package pdftex.def Info: ../media/../media//Acute.pdf , page3 used on input lin
e 61.
(pdftex.def)             Requested size: 390.0pt x 342.02852pt.
<../media/../media//Acute.pdf, id=37, page=4, 445.70798pt x 390.87025pt>
File: ../media/../media//Acute.pdf Graphic file (type pdf)
<use ../media/../media//Acute.pdf, page 4>
Package pdftex.def Info: ../media/../media//Acute.pdf , page4 used on input lin
e 63.
(pdftex.def)             Requested size: 390.0pt x 342.02852pt.
<../media/../media//Acute.pdf, id=38, page=5, 445.70798pt x 390.87025pt>
File: ../media/../media//Acute.pdf Graphic file (type pdf)
<use ../media/../media//Acute.pdf, page 5>
Package pdftex.def Info: ../media/../media//Acute.pdf , page5 used on input lin
e 65.
(pdftex.def)             Requested size: 390.0pt x 342.02852pt.
<../media/../media//Acute.pdf, id=39, page=6, 445.70798pt x 390.87025pt>
File: ../media/../media//Acute.pdf Graphic file (type pdf)
<use ../media/../media//Acute.pdf, page 6>
Package pdftex.def Info: ../media/../media//Acute.pdf , page6 used on input lin
e 67.
(pdftex.def)             Requested size: 390.0pt x 342.02852pt.
<../media/../media//Acute.pdf, id=40, page=7, 445.70798pt x 390.87025pt>
File: ../media/../media//Acute.pdf Graphic file (type pdf)
<use ../media/../media//Acute.pdf, page 7>
Package pdftex.def Info: ../media/../media//Acute.pdf , page7 used on input lin
e 69.
(pdftex.def)             Requested size: 390.0pt x 342.02852pt.
) [4] ("../media/../media/Deep Obtuse.pdf_tex"
<../media/../media//Deep Obtuse.pdf, id=48, page=1, 281.89618pt x 390.87025pt>
File: ../media/../media//Deep Obtuse.pdf Graphic file (type pdf)
<use ../media/../media//Deep Obtuse.pdf, page 1>
Package pdftex.def Info: ../media/../media//Deep Obtuse.pdf , page1 used on inp
ut line 56.
(pdftex.def)             Requested size: 390.0pt x 540.80312pt.
<../media/../media//Deep Obtuse.pdf, id=49, page=2, 281.89618pt x 390.87025pt>
File: ../media/../media//Deep Obtuse.pdf Graphic file (type pdf)
<use ../media/../media//Deep Obtuse.pdf, page 2>
Package pdftex.def Info: ../media/../media//Deep Obtuse.pdf , page2 used on inp
ut line 59.
(pdftex.def)             Requested size: 390.0pt x 540.80312pt.
<../media/../media//Deep Obtuse.pdf, id=50, page=3, 281.89618pt x 390.87025pt>
File: ../media/../media//Deep Obtuse.pdf Graphic file (type pdf)
<use ../media/../media//Deep Obtuse.pdf, page 3>
Package pdftex.def Info: ../media/../media//Deep Obtuse.pdf , page3 used on inp
ut line 61.
(pdftex.def)             Requested size: 390.0pt x 540.80312pt.
<../media/../media//Deep Obtuse.pdf, id=51, page=4, 281.89618pt x 390.87025pt>
File: ../media/../media//Deep Obtuse.pdf Graphic file (type pdf)
<use ../media/../media//Deep Obtuse.pdf, page 4>
Package pdftex.def Info: ../media/../media//Deep Obtuse.pdf , page4 used on inp
ut line 63.
(pdftex.def)             Requested size: 390.0pt x 540.80312pt.
<../media/../media//Deep Obtuse.pdf, id=52, page=5, 281.89618pt x 390.87025pt>
File: ../media/../media//Deep Obtuse.pdf Graphic file (type pdf)
<use ../media/../media//Deep Obtuse.pdf, page 5>
Package pdftex.def Info: ../media/../media//Deep Obtuse.pdf , page5 used on inp
ut line 65.
(pdftex.def)             Requested size: 390.0pt x 540.80312pt.
<../media/../media//Deep Obtuse.pdf, id=53, page=6, 281.89618pt x 390.87025pt>
File: ../media/../media//Deep Obtuse.pdf Graphic file (type pdf)
<use ../media/../media//Deep Obtuse.pdf, page 6>
Package pdftex.def Info: ../media/../media//Deep Obtuse.pdf , page6 used on inp
ut line 67.
(pdftex.def)             Requested size: 390.0pt x 540.80312pt.
<../media/../media//Deep Obtuse.pdf, id=54, page=7, 281.89618pt x 390.87025pt>
File: ../media/../media//Deep Obtuse.pdf Graphic file (type pdf)
<use ../media/../media//Deep Obtuse.pdf, page 7>
Package pdftex.def Info: ../media/../media//Deep Obtuse.pdf , page7 used on inp
ut line 69.
(pdftex.def)             Requested size: 390.0pt x 540.80312pt.
<../media/../media//Deep Obtuse.pdf, id=55, page=8, 281.89618pt x 390.87025pt>
File: ../media/../media//Deep Obtuse.pdf Graphic file (type pdf)
<use ../media/../media//Deep Obtuse.pdf, page 8>
Package pdftex.def Info: ../media/../media//Deep Obtuse.pdf , page8 used on inp
ut line 71.
(pdftex.def)             Requested size: 390.0pt x 540.80312pt.
) [5 <../media/../media//Acute.pdf> <../media/../media//Acute.pdf

pdfTeX warning: pdflatex (file ../media/../media//Acute.pdf): PDF inclusion: mu
ltiple pdfs with page group included in a single page
> <../media/../media//Acute.pdf

pdfTeX warning: pdflatex (file ../media/../media//Acute.pdf): PDF inclusion: mu
ltiple pdfs with page group included in a single page
> <../media/../media//Acute.pdf

pdfTeX warning: pdflatex (file ../media/../media//Acute.pdf): PDF inclusion: mu
ltiple pdfs with page group included in a single page
> <../media/../media//Acute.pdf

pdfTeX warning: pdflatex (file ../media/../media//Acute.pdf): PDF inclusion: mu
ltiple pdfs with page group included in a single page
> <../media/../media//Acute.pdf

pdfTeX warning: pdflatex (file ../media/../media//Acute.pdf): PDF inclusion: mu
ltiple pdfs with page group included in a single page
> <../media/../media//Acute.pdf

pdfTeX warning: pdflatex (file ../media/../media//Acute.pdf): PDF inclusion: mu
ltiple pdfs with page group included in a single page
>] [6 <../media/../media//Deep Obtuse.pdf> <../media/../media//Deep Obtuse.pdf

pdfTeX warning: pdflatex (file ../media/../media//Deep Obtuse.pdf): PDF inclusi
on: multiple pdfs with page group included in a single page
> <../media/../media//Deep Obtuse.pdf

pdfTeX warning: pdflatex (file ../media/../media//Deep Obtuse.pdf): PDF inclusi
on: multiple pdfs with page group included in a single page
> <../media/../media//Deep Obtuse.pdf

pdfTeX warning: pdflatex (file ../media/../media//Deep Obtuse.pdf): PDF inclusi
on: multiple pdfs with page group included in a single page
> <../media/../media//Deep Obtuse.pdf

pdfTeX warning: pdflatex (file ../media/../media//Deep Obtuse.pdf): PDF inclusi
on: multiple pdfs with page group included in a single page
> <../media/../media//Deep Obtuse.pdf

pdfTeX warning: pdflatex (file ../media/../media//Deep Obtuse.pdf): PDF inclusi
on: multiple pdfs with page group included in a single page
> <../media/../media//Deep Obtuse.pdf

pdfTeX warning: pdflatex (file ../media/../media//Deep Obtuse.pdf): PDF inclusi
on: multiple pdfs with page group included in a single page
> <../media/../media//Deep Obtuse.pdf

pdfTeX warning: pdflatex (file ../media/../media//Deep Obtuse.pdf): PDF inclusi
on: multiple pdfs with page group included in a single page
>] [7] (../media/../media/Pan.pdf_tex
<../media/../media//Pan.pdf, id=70, page=1, 384.4667pt x 228.68216pt>
File: ../media/../media//Pan.pdf Graphic file (type pdf)
<use ../media/../media//Pan.pdf, page 1>
Package pdftex.def Info: ../media/../media//Pan.pdf , page1 used on input line 
56.
(pdftex.def)             Requested size: 390.0pt x 231.98953pt.
<../media/../media//Pan.pdf, id=71, page=2, 384.4667pt x 228.68216pt>
File: ../media/../media//Pan.pdf Graphic file (type pdf)
<use ../media/../media//Pan.pdf, page 2>
Package pdftex.def Info: ../media/../media//Pan.pdf , page2 used on input line 
58.
(pdftex.def)             Requested size: 390.0pt x 231.98953pt.
<../media/../media//Pan.pdf, id=72, page=3, 384.4667pt x 228.68216pt>
File: ../media/../media//Pan.pdf Graphic file (type pdf)
<use ../media/../media//Pan.pdf, page 3>
Package pdftex.def Info: ../media/../media//Pan.pdf , page3 used on input line 
60.
(pdftex.def)             Requested size: 390.0pt x 231.98953pt.
<../media/../media//Pan.pdf, id=73, page=4, 384.4667pt x 228.68216pt>
File: ../media/../media//Pan.pdf Graphic file (type pdf)
<use ../media/../media//Pan.pdf, page 4>
Package pdftex.def Info: ../media/../media//Pan.pdf , page4 used on input line 
62.
(pdftex.def)             Requested size: 390.0pt x 231.98953pt.
<../media/../media//Pan.pdf, id=74, page=5, 384.4667pt x 228.68216pt>
File: ../media/../media//Pan.pdf Graphic file (type pdf)
<use ../media/../media//Pan.pdf, page 5>
Package pdftex.def Info: ../media/../media//Pan.pdf , page5 used on input line 
64.
(pdftex.def)             Requested size: 390.0pt x 231.98953pt.
) [8 <../media/../media//Pan.pdf> <../media/../media//Pan.pdf

pdfTeX warning: pdflatex (file ../media/../media//Pan.pdf): PDF inclusion: mult
iple pdfs with page group included in a single page
> <../media/../media//Pan.pdf

pdfTeX warning: pdflatex (file ../media/../media//Pan.pdf): PDF inclusion: mult
iple pdfs with page group included in a single page
> <../media/../media//Pan.pdf

pdfTeX warning: pdflatex (file ../media/../media//Pan.pdf): PDF inclusion: mult
iple pdfs with page group included in a single page
> <../media/../media//Pan.pdf

pdfTeX warning: pdflatex (file ../media/../media//Pan.pdf): PDF inclusion: mult
iple pdfs with page group included in a single page
>]
<../media//defaultPosition.png, id=80, 843.15pt x 632.3625pt>
File: ../media//defaultPosition.png Graphic file (type png)
<use ../media//defaultPosition.png>
Package pdftex.def Info: ../media//defaultPosition.png  used on input line 148.

(pdftex.def)             Requested size: 421.57396pt x 316.18048pt.
 [9 <../media//defaultPosition.png (PNG copy)>] [10] [11]
("Modeling Laser Mount Pan and Tilt.aux") ) 
Here is how much of TeX's memory you used:
 4726 strings out of 479618
 72130 string characters out of 2865027
 364513 words of memory out of 3000000
 21794 multiletter control sequences out of 15000+200000
 413161 words of font info for 64 fonts, out of 3000000 for 9000
 1141 hyphenation exceptions out of 8191
 68i,16n,75p,690b,417s stack positions out of 5000i,500n,10000p,200000b,50000s
<C:/Users/nblch/AppData/Local/Progra
ms/MiKTeX/fonts/type1/public/amsfonts/cm/cmbx12.pfb><C:/Users/nblch/AppData/Loc
al/Programs/MiKTeX/fonts/type1/public/amsfonts/cm/cmex10.pfb><C:/Users/nblch/Ap
pData/Local/Programs/MiKTeX/fonts/type1/public/amsfonts/cm/cmmi12.pfb><C:/Users
/nblch/AppData/Local/Programs/MiKTeX/fonts/type1/public/amsfonts/cm/cmmi8.pfb><
C:/Users/nblch/AppData/Local/Programs/MiKTeX/fonts/type1/public/amsfonts/cm/cmr
12.pfb><C:/Users/nblch/AppData/Local/Programs/MiKTeX/fonts/type1/public/amsfont
s/cm/cmr17.pfb><C:/Users/nblch/AppData/Local/Programs/MiKTeX/fonts/type1/public
/amsfonts/cm/cmr6.pfb><C:/Users/nblch/AppData/Local/Programs/MiKTeX/fonts/type1
/public/amsfonts/cm/cmr8.pfb><C:/Users/nblch/AppData/Local/Programs/MiKTeX/font
s/type1/public/amsfonts/cm/cmsy10.pfb><C:/Users/nblch/AppData/Local/Programs/Mi
KTeX/fonts/type1/public/amsfonts/cm/cmsy8.pfb><C:/Users/nblch/AppData/Local/Pro
grams/MiKTeX/fonts/type1/public/amsfonts/cm/cmti12.pfb><C:/Users/nblch/AppData/
Local/Programs/MiKTeX/fonts/type1/public/amsfonts/symbols/msam10.pfb>
Output written on "Modeling Laser Mount Pan and Tilt.pdf" (11 pages, 210690 byt
es).
PDF statistics:
 129 PDF objects out of 1000 (max. 8388607)
 0 named destinations out of 1000 (max. 500000)
 166 words of extra memory for PDF output out of 10000 (max. 10000000)

